
**Step 1: hidden_layer = matmul(m0, input)**
-1558 
-1692 
-1740 
-2756 
-2146 
-1180 
-1755 
-1627 
-1299 
-1354 
-1464 
-2366 
-1621 
-1828 
-2303 
-2643 
-3289 
-2119 
-831 
-1907 
-2634 
-2238 
-2090 
-1928 
-1797 
-773 
542 
-1073 
-1843 
-2083 
-3319 
-2711 
-3352 
-1884 
-1869 
1068 
756 
-1497 
-1471 
-1539 
-1677 
-1732 
-2411 
-2287 
-2072 
-1036 
-1123 
-2606 
-1472 
-1701 
-2105 
-1825 
-551 
-2212 
-1236 
-1444 
-1532 
-1446 
-1607 
-1809 
-2318 
-2534 
-2022 
-196 
-975 
-1591 
260 
-1952 
-847 
-1245 
-2953 
-1952 
-1612 
-3189 
-1952 
-3234 
-1941 
-1728 
-2252 
-2117 
-1871 
-1765 
-947 
-390 
-1962 
-2036 
-1951 
-1216 
-944 
-1342 
-1406 
-1987 
-2032 
-1345 
-1195 
-2662 
1221 
-1737 
-1785 
-1416 
-1998 
-1739 
-2279 
-1638 
-2021 
-2253 
-1354 
-2057 
-1158 
-1114 
-1566 
-1182 
-1042 
-888 
-237 
-936 
-731 
-2163 
-1826 
-1882 
-2955 
-2893 
-1627 
-1935 
-4461 
-1455 
-1118 
-1652 

**Step 2: NONLINEAR LAYER: ReLU(hidden_layer)** 
0 
0 
0 
0 
0 
0 
0 
0 
0 
0 
0 
0 
0 
0 
0 
0 
0 
0 
0 
0 
0 
0 
0 
0 
0 
0 
542 
0 
0 
0 
0 
0 
0 
0 
0 
1068 
756 
0 
0 
0 
0 
0 
0 
0 
0 
0 
0 
0 
0 
0 
0 
0 
0 
0 
0 
0 
0 
0 
0 
0 
0 
0 
0 
0 
0 
0 
260 
0 
0 
0 
0 
0 
0 
0 
0 
0 
0 
0 
0 
0 
0 
0 
0 
0 
0 
0 
0 
0 
0 
0 
0 
0 
0 
0 
0 
0 
1221 
0 
0 
0 
0 
0 
0 
0 
0 
0 
0 
0 
0 
0 
0 
0 
0 
0 
0 
0 
0 
0 
0 
0 
0 
0 
0 
0 
0 
0 
0 
0 

**Step 3: Linear layer = matmul(m1, relu)** 
679 
0 
48753 
606 
441 
-1068 
-649 
756 
-1955 
153 

**Step 4: Argmax ** 
2